{"C:\\Users\\Ninja\\Documents\\GIT\\nodejs\\dnd-ui\\app\\root.tsx": {"path":"C:\\Users\\Ninja\\Documents\\GIT\\nodejs\\dnd-ui\\app\\root.tsx","statementMap":{"0":{"start":{"line":13,"column":2},"end":{"line":13,"column":null}},"1":{"start":{"line":16,"column":34},"end":{"line":20,"column":3}},"2":{"start":{"line":16,"column":41},"end":{"line":20,"column":3}}},"fnMap":{"0":{"name":"links","decl":{"start":{"line":12,"column":16},"end":{"line":12,"column":24}},"loc":{"start":{"line":12,"column":24},"end":{"line":14,"column":1}}},"1":{"name":"(anonymous_1)","decl":{"start":{"line":16,"column":34},"end":{"line":16,"column":41}},"loc":{"start":{"line":16,"column":41},"end":{"line":20,"column":3}}},"2":{"name":"App","decl":{"start":{"line":22,"column":24},"end":{"line":22,"column":30}},"loc":{"start":{"line":22,"column":30},"end":{"line":37,"column":1}}}},"branchMap":{},"s":{"0":0,"1":0,"2":0},"f":{"0":0,"1":0,"2":0},"b":{}}
,"C:\\Users\\Ninja\\Documents\\GIT\\nodejs\\dnd-ui\\app\\routes\\index.tsx": {"path":"C:\\Users\\Ninja\\Documents\\GIT\\nodejs\\dnd-ui\\app\\routes\\index.tsx","statementMap":{"0":{"start":{"line":1,"column":24},"end":{"line":1,"column":32}}},"fnMap":{"0":{"name":"(anonymous_0)","decl":{"start":{"line":1,"column":24},"end":{"line":1,"column":32}},"loc":{"start":{"line":1,"column":24},"end":{"line":1,"column":32}}}},"branchMap":{},"s":{"0":1},"f":{"0":2},"b":{}}
}
